<?xml version="1.0" encoding="UTF-8"?>
<testsuite xmlns:xsi="http://www.w3.org/2001/XMLSchema-instance" xsi:noNamespaceSchemaLocation="https://maven.apache.org/surefire/maven-surefire-plugin/xsd/surefire-test-report.xsd" name="com.ead.authuser.controllers.AuthenticationControllerTest" time="5.544" tests="1" errors="0" skipped="0" failures="0">
  <properties>
    <property name="sun.desktop" value="gnome"/>
    <property name="awt.toolkit" value="sun.awt.X11.XToolkit"/>
    <property name="java.specification.version" value="11"/>
    <property name="sun.cpu.isalist" value=""/>
    <property name="sun.jnu.encoding" value="UTF-8"/>
    <property name="java.class.path" value="/home/ricardo/treinamentos/decoder/authuser/target/test-classes:/home/ricardo/treinamentos/decoder/authuser/target/classes:/home/ricardo/.m2/repository/org/springframework/boot/spring-boot-starter/2.6.6/spring-boot-starter-2.6.6.jar:/home/ricardo/.m2/repository/org/springframework/boot/spring-boot/2.6.6/spring-boot-2.6.6.jar:/home/ricardo/.m2/repository/org/springframework/spring-context/5.3.18/spring-context-5.3.18.jar:/home/ricardo/.m2/repository/org/springframework/boot/spring-boot-autoconfigure/2.6.6/spring-boot-autoconfigure-2.6.6.jar:/home/ricardo/.m2/repository/jakarta/annotation/jakarta.annotation-api/1.3.5/jakarta.annotation-api-1.3.5.jar:/home/ricardo/.m2/repository/org/springframework/spring-core/5.3.18/spring-core-5.3.18.jar:/home/ricardo/.m2/repository/org/springframework/spring-jcl/5.3.18/spring-jcl-5.3.18.jar:/home/ricardo/.m2/repository/org/yaml/snakeyaml/1.29/snakeyaml-1.29.jar:/home/ricardo/.m2/repository/org/springframework/boot/spring-boot-starter-web/2.6.6/spring-boot-starter-web-2.6.6.jar:/home/ricardo/.m2/repository/org/springframework/boot/spring-boot-starter-json/2.6.6/spring-boot-starter-json-2.6.6.jar:/home/ricardo/.m2/repository/com/fasterxml/jackson/core/jackson-databind/2.13.2.2/jackson-databind-2.13.2.2.jar:/home/ricardo/.m2/repository/com/fasterxml/jackson/datatype/jackson-datatype-jdk8/2.13.2/jackson-datatype-jdk8-2.13.2.jar:/home/ricardo/.m2/repository/com/fasterxml/jackson/datatype/jackson-datatype-jsr310/2.13.2/jackson-datatype-jsr310-2.13.2.jar:/home/ricardo/.m2/repository/com/fasterxml/jackson/module/jackson-module-parameter-names/2.13.2/jackson-module-parameter-names-2.13.2.jar:/home/ricardo/.m2/repository/org/springframework/boot/spring-boot-starter-tomcat/2.6.6/spring-boot-starter-tomcat-2.6.6.jar:/home/ricardo/.m2/repository/org/apache/tomcat/embed/tomcat-embed-core/9.0.60/tomcat-embed-core-9.0.60.jar:/home/ricardo/.m2/repository/org/apache/tomcat/embed/tomcat-embed-websocket/9.0.60/tomcat-embed-websocket-9.0.60.jar:/home/ricardo/.m2/repository/org/springframework/spring-web/5.3.18/spring-web-5.3.18.jar:/home/ricardo/.m2/repository/org/springframework/spring-beans/5.3.18/spring-beans-5.3.18.jar:/home/ricardo/.m2/repository/org/springframework/spring-webmvc/5.3.18/spring-webmvc-5.3.18.jar:/home/ricardo/.m2/repository/org/springframework/spring-aop/5.3.18/spring-aop-5.3.18.jar:/home/ricardo/.m2/repository/org/springframework/spring-expression/5.3.18/spring-expression-5.3.18.jar:/home/ricardo/.m2/repository/org/springframework/boot/spring-boot-starter-log4j2/2.6.6/spring-boot-starter-log4j2-2.6.6.jar:/home/ricardo/.m2/repository/org/apache/logging/log4j/log4j-slf4j-impl/2.17.2/log4j-slf4j-impl-2.17.2.jar:/home/ricardo/.m2/repository/org/apache/logging/log4j/log4j-api/2.17.2/log4j-api-2.17.2.jar:/home/ricardo/.m2/repository/org/apache/logging/log4j/log4j-core/2.17.2/log4j-core-2.17.2.jar:/home/ricardo/.m2/repository/org/apache/logging/log4j/log4j-jul/2.17.2/log4j-jul-2.17.2.jar:/home/ricardo/.m2/repository/org/slf4j/jul-to-slf4j/1.7.36/jul-to-slf4j-1.7.36.jar:/home/ricardo/.m2/repository/org/springframework/boot/spring-boot-starter-data-jpa/2.6.6/spring-boot-starter-data-jpa-2.6.6.jar:/home/ricardo/.m2/repository/org/springframework/boot/spring-boot-starter-aop/2.6.6/spring-boot-starter-aop-2.6.6.jar:/home/ricardo/.m2/repository/org/aspectj/aspectjweaver/1.9.7/aspectjweaver-1.9.7.jar:/home/ricardo/.m2/repository/org/springframework/boot/spring-boot-starter-jdbc/2.6.6/spring-boot-starter-jdbc-2.6.6.jar:/home/ricardo/.m2/repository/com/zaxxer/HikariCP/4.0.3/HikariCP-4.0.3.jar:/home/ricardo/.m2/repository/org/springframework/spring-jdbc/5.3.18/spring-jdbc-5.3.18.jar:/home/ricardo/.m2/repository/jakarta/transaction/jakarta.transaction-api/1.3.3/jakarta.transaction-api-1.3.3.jar:/home/ricardo/.m2/repository/jakarta/persistence/jakarta.persistence-api/2.2.3/jakarta.persistence-api-2.2.3.jar:/home/ricardo/.m2/repository/org/hibernate/hibernate-core/5.6.7.Final/hibernate-core-5.6.7.Final.jar:/home/ricardo/.m2/repository/org/jboss/logging/jboss-logging/3.4.3.Final/jboss-logging-3.4.3.Final.jar:/home/ricardo/.m2/repository/net/bytebuddy/byte-buddy/1.11.22/byte-buddy-1.11.22.jar:/home/ricardo/.m2/repository/antlr/antlr/2.7.7/antlr-2.7.7.jar:/home/ricardo/.m2/repository/org/jboss/jandex/2.4.2.Final/jandex-2.4.2.Final.jar:/home/ricardo/.m2/repository/org/hibernate/common/hibernate-commons-annotations/5.1.2.Final/hibernate-commons-annotations-5.1.2.Final.jar:/home/ricardo/.m2/repository/org/glassfish/jaxb/jaxb-runtime/2.3.6/jaxb-runtime-2.3.6.jar:/home/ricardo/.m2/repository/org/glassfish/jaxb/txw2/2.3.6/txw2-2.3.6.jar:/home/ricardo/.m2/repository/com/sun/istack/istack-commons-runtime/3.0.12/istack-commons-runtime-3.0.12.jar:/home/ricardo/.m2/repository/com/sun/activation/jakarta.activation/1.2.2/jakarta.activation-1.2.2.jar:/home/ricardo/.m2/repository/org/springframework/data/spring-data-jpa/2.6.3/spring-data-jpa-2.6.3.jar:/home/ricardo/.m2/repository/org/springframework/data/spring-data-commons/2.6.3/spring-data-commons-2.6.3.jar:/home/ricardo/.m2/repository/org/springframework/spring-orm/5.3.18/spring-orm-5.3.18.jar:/home/ricardo/.m2/repository/org/springframework/spring-tx/5.3.18/spring-tx-5.3.18.jar:/home/ricardo/.m2/repository/org/springframework/spring-aspects/5.3.18/spring-aspects-5.3.18.jar:/home/ricardo/.m2/repository/org/postgresql/postgresql/42.3.3/postgresql-42.3.3.jar:/home/ricardo/.m2/repository/org/checkerframework/checker-qual/3.5.0/checker-qual-3.5.0.jar:/home/ricardo/.m2/repository/org/projectlombok/lombok/1.18.22/lombok-1.18.22.jar:/home/ricardo/.m2/repository/net/kaczmarzyk/specification-arg-resolver/2.6.2/specification-arg-resolver-2.6.2.jar:/home/ricardo/.m2/repository/org/apache/commons/commons-lang3/3.12.0/commons-lang3-3.12.0.jar:/home/ricardo/.m2/repository/javax/servlet/javax.servlet-api/4.0.1/javax.servlet-api-4.0.1.jar:/home/ricardo/.m2/repository/org/hibernate/javax/persistence/hibernate-jpa-2.1-api/1.0.0.Final/hibernate-jpa-2.1-api-1.0.0.Final.jar:/home/ricardo/.m2/repository/com/h2database/h2/1.4.200/h2-1.4.200.jar:/home/ricardo/.m2/repository/io/rest-assured/spring-mock-mvc/4.4.0/spring-mock-mvc-4.4.0.jar:/home/ricardo/.m2/repository/io/rest-assured/rest-assured/4.4.0/rest-assured-4.4.0.jar:/home/ricardo/.m2/repository/org/codehaus/groovy/groovy/3.0.10/groovy-3.0.10.jar:/home/ricardo/.m2/repository/org/codehaus/groovy/groovy-xml/3.0.10/groovy-xml-3.0.10.jar:/home/ricardo/.m2/repository/org/apache/httpcomponents/httpclient/4.5.13/httpclient-4.5.13.jar:/home/ricardo/.m2/repository/org/apache/httpcomponents/httpcore/4.4.15/httpcore-4.4.15.jar:/home/ricardo/.m2/repository/commons-codec/commons-codec/1.15/commons-codec-1.15.jar:/home/ricardo/.m2/repository/org/apache/httpcomponents/httpmime/4.5.13/httpmime-4.5.13.jar:/home/ricardo/.m2/repository/org/ccil/cowan/tagsoup/tagsoup/1.2.1/tagsoup-1.2.1.jar:/home/ricardo/.m2/repository/io/rest-assured/json-path/4.4.0/json-path-4.4.0.jar:/home/ricardo/.m2/repository/org/codehaus/groovy/groovy-json/3.0.10/groovy-json-3.0.10.jar:/home/ricardo/.m2/repository/io/rest-assured/rest-assured-common/4.4.0/rest-assured-common-4.4.0.jar:/home/ricardo/.m2/repository/io/rest-assured/xml-path/4.4.0/xml-path-4.4.0.jar:/home/ricardo/.m2/repository/com/sun/xml/bind/jaxb-impl/2.3.3/jaxb-impl-2.3.3.jar:/home/ricardo/.m2/repository/io/rest-assured/spring-commons/4.4.0/spring-commons-4.4.0.jar:/home/ricardo/.m2/repository/org/springframework/spring-test/5.3.18/spring-test-5.3.18.jar:/home/ricardo/.m2/repository/io/springfox/springfox-swagger2/3.0.0/springfox-swagger2-3.0.0.jar:/home/ricardo/.m2/repository/io/springfox/springfox-spi/3.0.0/springfox-spi-3.0.0.jar:/home/ricardo/.m2/repository/io/springfox/springfox-core/3.0.0/springfox-core-3.0.0.jar:/home/ricardo/.m2/repository/io/springfox/springfox-schema/3.0.0/springfox-schema-3.0.0.jar:/home/ricardo/.m2/repository/io/springfox/springfox-swagger-common/3.0.0/springfox-swagger-common-3.0.0.jar:/home/ricardo/.m2/repository/io/swagger/core/v3/swagger-annotations/2.1.2/swagger-annotations-2.1.2.jar:/home/ricardo/.m2/repository/io/springfox/springfox-spring-web/3.0.0/springfox-spring-web-3.0.0.jar:/home/ricardo/.m2/repository/io/github/classgraph/classgraph/4.8.83/classgraph-4.8.83.jar:/home/ricardo/.m2/repository/io/springfox/springfox-spring-webmvc/3.0.0/springfox-spring-webmvc-3.0.0.jar:/home/ricardo/.m2/repository/io/springfox/springfox-spring-webflux/3.0.0/springfox-spring-webflux-3.0.0.jar:/home/ricardo/.m2/repository/com/fasterxml/classmate/1.5.1/classmate-1.5.1.jar:/home/ricardo/.m2/repository/org/slf4j/slf4j-api/1.7.36/slf4j-api-1.7.36.jar:/home/ricardo/.m2/repository/org/springframework/plugin/spring-plugin-core/2.0.0.RELEASE/spring-plugin-core-2.0.0.RELEASE.jar:/home/ricardo/.m2/repository/org/springframework/plugin/spring-plugin-metadata/2.0.0.RELEASE/spring-plugin-metadata-2.0.0.RELEASE.jar:/home/ricardo/.m2/repository/io/swagger/swagger-annotations/1.5.20/swagger-annotations-1.5.20.jar:/home/ricardo/.m2/repository/io/swagger/swagger-models/1.5.20/swagger-models-1.5.20.jar:/home/ricardo/.m2/repository/com/fasterxml/jackson/core/jackson-annotations/2.13.2/jackson-annotations-2.13.2.jar:/home/ricardo/.m2/repository/org/mapstruct/mapstruct/1.3.1.Final/mapstruct-1.3.1.Final.jar:/home/ricardo/.m2/repository/io/springfox/springfox-boot-starter/3.0.0/springfox-boot-starter-3.0.0.jar:/home/ricardo/.m2/repository/io/springfox/springfox-oas/3.0.0/springfox-oas-3.0.0.jar:/home/ricardo/.m2/repository/io/swagger/core/v3/swagger-models/2.1.2/swagger-models-2.1.2.jar:/home/ricardo/.m2/repository/io/springfox/springfox-data-rest/3.0.0/springfox-data-rest-3.0.0.jar:/home/ricardo/.m2/repository/io/springfox/springfox-bean-validators/3.0.0/springfox-bean-validators-3.0.0.jar:/home/ricardo/.m2/repository/io/springfox/springfox-swagger-ui/3.0.0/springfox-swagger-ui-3.0.0.jar:/home/ricardo/.m2/repository/org/springframework/boot/spring-boot-starter-validation/2.6.6/spring-boot-starter-validation-2.6.6.jar:/home/ricardo/.m2/repository/org/apache/tomcat/embed/tomcat-embed-el/9.0.60/tomcat-embed-el-9.0.60.jar:/home/ricardo/.m2/repository/org/hibernate/validator/hibernate-validator/6.2.3.Final/hibernate-validator-6.2.3.Final.jar:/home/ricardo/.m2/repository/jakarta/validation/jakarta.validation-api/2.0.2/jakarta.validation-api-2.0.2.jar:/home/ricardo/.m2/repository/org/springframework/boot/spring-boot-starter-hateoas/2.6.6/spring-boot-starter-hateoas-2.6.6.jar:/home/ricardo/.m2/repository/org/springframework/hateoas/spring-hateoas/1.4.1/spring-hateoas-1.4.1.jar:/home/ricardo/.m2/repository/org/springframework/cloud/spring-cloud-starter-netflix-eureka-client/3.1.1/spring-cloud-starter-netflix-eureka-client-3.1.1.jar:/home/ricardo/.m2/repository/org/springframework/cloud/spring-cloud-starter/3.1.1/spring-cloud-starter-3.1.1.jar:/home/ricardo/.m2/repository/org/springframework/cloud/spring-cloud-context/3.1.1/spring-cloud-context-3.1.1.jar:/home/ricardo/.m2/repository/org/springframework/security/spring-security-crypto/5.6.2/spring-security-crypto-5.6.2.jar:/home/ricardo/.m2/repository/org/springframework/cloud/spring-cloud-commons/3.1.1/spring-cloud-commons-3.1.1.jar:/home/ricardo/.m2/repository/org/springframework/security/spring-security-rsa/1.0.10.RELEASE/spring-security-rsa-1.0.10.RELEASE.jar:/home/ricardo/.m2/repository/org/bouncycastle/bcpkix-jdk15on/1.68/bcpkix-jdk15on-1.68.jar:/home/ricardo/.m2/repository/org/bouncycastle/bcprov-jdk15on/1.68/bcprov-jdk15on-1.68.jar:/home/ricardo/.m2/repository/org/springframework/cloud/spring-cloud-netflix-eureka-client/3.1.1/spring-cloud-netflix-eureka-client-3.1.1.jar:/home/ricardo/.m2/repository/com/netflix/eureka/eureka-client/1.10.17/eureka-client-1.10.17.jar:/home/ricardo/.m2/repository/com/netflix/netflix-commons/netflix-eventbus/0.3.0/netflix-eventbus-0.3.0.jar:/home/ricardo/.m2/repository/com/netflix/netflix-commons/netflix-infix/0.3.0/netflix-infix-0.3.0.jar:/home/ricardo/.m2/repository/commons-jxpath/commons-jxpath/1.3/commons-jxpath-1.3.jar:/home/ricardo/.m2/repository/joda-time/joda-time/2.3/joda-time-2.3.jar:/home/ricardo/.m2/repository/org/antlr/antlr-runtime/3.4/antlr-runtime-3.4.jar:/home/ricardo/.m2/repository/org/antlr/stringtemplate/3.2.1/stringtemplate-3.2.1.jar:/home/ricardo/.m2/repository/com/google/code/gson/gson/2.8.9/gson-2.8.9.jar:/home/ricardo/.m2/repository/org/apache/commons/commons-math/2.2/commons-math-2.2.jar:/home/ricardo/.m2/repository/com/thoughtworks/xstream/xstream/1.4.18/xstream-1.4.18.jar:/home/ricardo/.m2/repository/io/github/x-stream/mxparser/1.2.2/mxparser-1.2.2.jar:/home/ricardo/.m2/repository/xmlpull/xmlpull/1.1.3.1/xmlpull-1.1.3.1.jar:/home/ricardo/.m2/repository/javax/ws/rs/jsr311-api/1.1.1/jsr311-api-1.1.1.jar:/home/ricardo/.m2/repository/com/netflix/servo/servo-core/0.12.21/servo-core-0.12.21.jar:/home/ricardo/.m2/repository/com/google/guava/guava/19.0/guava-19.0.jar:/home/ricardo/.m2/repository/commons-configuration/commons-configuration/1.10/commons-configuration-1.10.jar:/home/ricardo/.m2/repository/commons-lang/commons-lang/2.6/commons-lang-2.6.jar:/home/ricardo/.m2/repository/com/google/inject/guice/4.1.0/guice-4.1.0.jar:/home/ricardo/.m2/repository/javax/inject/javax.inject/1/javax.inject-1.jar:/home/ricardo/.m2/repository/com/fasterxml/jackson/core/jackson-core/2.13.2/jackson-core-2.13.2.jar:/home/ricardo/.m2/repository/org/codehaus/jettison/jettison/1.4.0/jettison-1.4.0.jar:/home/ricardo/.m2/repository/com/netflix/eureka/eureka-core/1.10.17/eureka-core-1.10.17.jar:/home/ricardo/.m2/repository/com/fasterxml/woodstox/woodstox-core/6.2.1/woodstox-core-6.2.1.jar:/home/ricardo/.m2/repository/org/codehaus/woodstox/stax2-api/4.2.1/stax2-api-4.2.1.jar:/home/ricardo/.m2/repository/org/springframework/cloud/spring-cloud-starter-loadbalancer/3.1.1/spring-cloud-starter-loadbalancer-3.1.1.jar:/home/ricardo/.m2/repository/org/springframework/cloud/spring-cloud-loadbalancer/3.1.1/spring-cloud-loadbalancer-3.1.1.jar:/home/ricardo/.m2/repository/io/projectreactor/reactor-core/3.4.16/reactor-core-3.4.16.jar:/home/ricardo/.m2/repository/org/reactivestreams/reactive-streams/1.0.3/reactive-streams-1.0.3.jar:/home/ricardo/.m2/repository/io/projectreactor/addons/reactor-extra/3.4.7/reactor-extra-3.4.7.jar:/home/ricardo/.m2/repository/org/springframework/boot/spring-boot-starter-cache/2.6.6/spring-boot-starter-cache-2.6.6.jar:/home/ricardo/.m2/repository/org/springframework/spring-context-support/5.3.18/spring-context-support-5.3.18.jar:/home/ricardo/.m2/repository/com/stoyanr/evictor/1.0.0/evictor-1.0.0.jar:/home/ricardo/.m2/repository/org/springframework/boot/spring-boot-starter-test/2.6.6/spring-boot-starter-test-2.6.6.jar:/home/ricardo/.m2/repository/org/springframework/boot/spring-boot-test/2.6.6/spring-boot-test-2.6.6.jar:/home/ricardo/.m2/repository/org/springframework/boot/spring-boot-test-autoconfigure/2.6.6/spring-boot-test-autoconfigure-2.6.6.jar:/home/ricardo/.m2/repository/com/jayway/jsonpath/json-path/2.6.0/json-path-2.6.0.jar:/home/ricardo/.m2/repository/net/minidev/json-smart/2.4.8/json-smart-2.4.8.jar:/home/ricardo/.m2/repository/net/minidev/accessors-smart/2.4.8/accessors-smart-2.4.8.jar:/home/ricardo/.m2/repository/org/ow2/asm/asm/9.1/asm-9.1.jar:/home/ricardo/.m2/repository/jakarta/xml/bind/jakarta.xml.bind-api/2.3.3/jakarta.xml.bind-api-2.3.3.jar:/home/ricardo/.m2/repository/jakarta/activation/jakarta.activation-api/1.2.2/jakarta.activation-api-1.2.2.jar:/home/ricardo/.m2/repository/org/assertj/assertj-core/3.21.0/assertj-core-3.21.0.jar:/home/ricardo/.m2/repository/org/hamcrest/hamcrest/2.2/hamcrest-2.2.jar:/home/ricardo/.m2/repository/org/junit/jupiter/junit-jupiter/5.8.2/junit-jupiter-5.8.2.jar:/home/ricardo/.m2/repository/org/junit/jupiter/junit-jupiter-api/5.8.2/junit-jupiter-api-5.8.2.jar:/home/ricardo/.m2/repository/org/opentest4j/opentest4j/1.2.0/opentest4j-1.2.0.jar:/home/ricardo/.m2/repository/org/junit/platform/junit-platform-commons/1.8.2/junit-platform-commons-1.8.2.jar:/home/ricardo/.m2/repository/org/apiguardian/apiguardian-api/1.1.2/apiguardian-api-1.1.2.jar:/home/ricardo/.m2/repository/org/junit/jupiter/junit-jupiter-params/5.8.2/junit-jupiter-params-5.8.2.jar:/home/ricardo/.m2/repository/org/junit/jupiter/junit-jupiter-engine/5.8.2/junit-jupiter-engine-5.8.2.jar:/home/ricardo/.m2/repository/org/junit/platform/junit-platform-engine/1.8.2/junit-platform-engine-1.8.2.jar:/home/ricardo/.m2/repository/org/mockito/mockito-core/4.0.0/mockito-core-4.0.0.jar:/home/ricardo/.m2/repository/net/bytebuddy/byte-buddy-agent/1.11.22/byte-buddy-agent-1.11.22.jar:/home/ricardo/.m2/repository/org/objenesis/objenesis/3.2/objenesis-3.2.jar:/home/ricardo/.m2/repository/org/mockito/mockito-junit-jupiter/4.0.0/mockito-junit-jupiter-4.0.0.jar:/home/ricardo/.m2/repository/org/skyscreamer/jsonassert/1.5.0/jsonassert-1.5.0.jar:/home/ricardo/.m2/repository/com/vaadin/external/google/android-json/0.0.20131108.vaadin1/android-json-0.0.20131108.vaadin1.jar:/home/ricardo/.m2/repository/org/xmlunit/xmlunit-core/2.8.4/xmlunit-core-2.8.4.jar:/home/ricardo/.m2/repository/junit/junit/4.13.2/junit-4.13.2.jar:/home/ricardo/.m2/repository/org/hamcrest/hamcrest-core/2.2/hamcrest-core-2.2.jar:"/>
    <property name="java.vm.vendor" value="Ubuntu"/>
    <property name="sun.arch.data.model" value="64"/>
    <property name="java.vendor.url" value="https://ubuntu.com/"/>
    <property name="user.timezone" value=""/>
    <property name="java.vm.specification.version" value="11"/>
    <property name="os.name" value="Linux"/>
    <property name="sun.java.launcher" value="SUN_STANDARD"/>
    <property name="user.country" value="BR"/>
    <property name="sun.boot.library.path" value="/usr/lib/jvm/java-11-openjdk-amd64/lib"/>
    <property name="sun.java.command" value="/home/ricardo/treinamentos/decoder/authuser/target/surefire/surefirebooter17177037198563222301.jar /home/ricardo/treinamentos/decoder/authuser/target/surefire 2022-04-07T16-35-40_771-jvmRun1 surefire16987652588528682091tmp surefire_01737216560881200586tmp"/>
    <property name="jdk.debug" value="release"/>
    <property name="surefire.test.class.path" value="/home/ricardo/treinamentos/decoder/authuser/target/test-classes:/home/ricardo/treinamentos/decoder/authuser/target/classes:/home/ricardo/.m2/repository/org/springframework/boot/spring-boot-starter/2.6.6/spring-boot-starter-2.6.6.jar:/home/ricardo/.m2/repository/org/springframework/boot/spring-boot/2.6.6/spring-boot-2.6.6.jar:/home/ricardo/.m2/repository/org/springframework/spring-context/5.3.18/spring-context-5.3.18.jar:/home/ricardo/.m2/repository/org/springframework/boot/spring-boot-autoconfigure/2.6.6/spring-boot-autoconfigure-2.6.6.jar:/home/ricardo/.m2/repository/jakarta/annotation/jakarta.annotation-api/1.3.5/jakarta.annotation-api-1.3.5.jar:/home/ricardo/.m2/repository/org/springframework/spring-core/5.3.18/spring-core-5.3.18.jar:/home/ricardo/.m2/repository/org/springframework/spring-jcl/5.3.18/spring-jcl-5.3.18.jar:/home/ricardo/.m2/repository/org/yaml/snakeyaml/1.29/snakeyaml-1.29.jar:/home/ricardo/.m2/repository/org/springframework/boot/spring-boot-starter-web/2.6.6/spring-boot-starter-web-2.6.6.jar:/home/ricardo/.m2/repository/org/springframework/boot/spring-boot-starter-json/2.6.6/spring-boot-starter-json-2.6.6.jar:/home/ricardo/.m2/repository/com/fasterxml/jackson/core/jackson-databind/2.13.2.2/jackson-databind-2.13.2.2.jar:/home/ricardo/.m2/repository/com/fasterxml/jackson/datatype/jackson-datatype-jdk8/2.13.2/jackson-datatype-jdk8-2.13.2.jar:/home/ricardo/.m2/repository/com/fasterxml/jackson/datatype/jackson-datatype-jsr310/2.13.2/jackson-datatype-jsr310-2.13.2.jar:/home/ricardo/.m2/repository/com/fasterxml/jackson/module/jackson-module-parameter-names/2.13.2/jackson-module-parameter-names-2.13.2.jar:/home/ricardo/.m2/repository/org/springframework/boot/spring-boot-starter-tomcat/2.6.6/spring-boot-starter-tomcat-2.6.6.jar:/home/ricardo/.m2/repository/org/apache/tomcat/embed/tomcat-embed-core/9.0.60/tomcat-embed-core-9.0.60.jar:/home/ricardo/.m2/repository/org/apache/tomcat/embed/tomcat-embed-websocket/9.0.60/tomcat-embed-websocket-9.0.60.jar:/home/ricardo/.m2/repository/org/springframework/spring-web/5.3.18/spring-web-5.3.18.jar:/home/ricardo/.m2/repository/org/springframework/spring-beans/5.3.18/spring-beans-5.3.18.jar:/home/ricardo/.m2/repository/org/springframework/spring-webmvc/5.3.18/spring-webmvc-5.3.18.jar:/home/ricardo/.m2/repository/org/springframework/spring-aop/5.3.18/spring-aop-5.3.18.jar:/home/ricardo/.m2/repository/org/springframework/spring-expression/5.3.18/spring-expression-5.3.18.jar:/home/ricardo/.m2/repository/org/springframework/boot/spring-boot-starter-log4j2/2.6.6/spring-boot-starter-log4j2-2.6.6.jar:/home/ricardo/.m2/repository/org/apache/logging/log4j/log4j-slf4j-impl/2.17.2/log4j-slf4j-impl-2.17.2.jar:/home/ricardo/.m2/repository/org/apache/logging/log4j/log4j-api/2.17.2/log4j-api-2.17.2.jar:/home/ricardo/.m2/repository/org/apache/logging/log4j/log4j-core/2.17.2/log4j-core-2.17.2.jar:/home/ricardo/.m2/repository/org/apache/logging/log4j/log4j-jul/2.17.2/log4j-jul-2.17.2.jar:/home/ricardo/.m2/repository/org/slf4j/jul-to-slf4j/1.7.36/jul-to-slf4j-1.7.36.jar:/home/ricardo/.m2/repository/org/springframework/boot/spring-boot-starter-data-jpa/2.6.6/spring-boot-starter-data-jpa-2.6.6.jar:/home/ricardo/.m2/repository/org/springframework/boot/spring-boot-starter-aop/2.6.6/spring-boot-starter-aop-2.6.6.jar:/home/ricardo/.m2/repository/org/aspectj/aspectjweaver/1.9.7/aspectjweaver-1.9.7.jar:/home/ricardo/.m2/repository/org/springframework/boot/spring-boot-starter-jdbc/2.6.6/spring-boot-starter-jdbc-2.6.6.jar:/home/ricardo/.m2/repository/com/zaxxer/HikariCP/4.0.3/HikariCP-4.0.3.jar:/home/ricardo/.m2/repository/org/springframework/spring-jdbc/5.3.18/spring-jdbc-5.3.18.jar:/home/ricardo/.m2/repository/jakarta/transaction/jakarta.transaction-api/1.3.3/jakarta.transaction-api-1.3.3.jar:/home/ricardo/.m2/repository/jakarta/persistence/jakarta.persistence-api/2.2.3/jakarta.persistence-api-2.2.3.jar:/home/ricardo/.m2/repository/org/hibernate/hibernate-core/5.6.7.Final/hibernate-core-5.6.7.Final.jar:/home/ricardo/.m2/repository/org/jboss/logging/jboss-logging/3.4.3.Final/jboss-logging-3.4.3.Final.jar:/home/ricardo/.m2/repository/net/bytebuddy/byte-buddy/1.11.22/byte-buddy-1.11.22.jar:/home/ricardo/.m2/repository/antlr/antlr/2.7.7/antlr-2.7.7.jar:/home/ricardo/.m2/repository/org/jboss/jandex/2.4.2.Final/jandex-2.4.2.Final.jar:/home/ricardo/.m2/repository/org/hibernate/common/hibernate-commons-annotations/5.1.2.Final/hibernate-commons-annotations-5.1.2.Final.jar:/home/ricardo/.m2/repository/org/glassfish/jaxb/jaxb-runtime/2.3.6/jaxb-runtime-2.3.6.jar:/home/ricardo/.m2/repository/org/glassfish/jaxb/txw2/2.3.6/txw2-2.3.6.jar:/home/ricardo/.m2/repository/com/sun/istack/istack-commons-runtime/3.0.12/istack-commons-runtime-3.0.12.jar:/home/ricardo/.m2/repository/com/sun/activation/jakarta.activation/1.2.2/jakarta.activation-1.2.2.jar:/home/ricardo/.m2/repository/org/springframework/data/spring-data-jpa/2.6.3/spring-data-jpa-2.6.3.jar:/home/ricardo/.m2/repository/org/springframework/data/spring-data-commons/2.6.3/spring-data-commons-2.6.3.jar:/home/ricardo/.m2/repository/org/springframework/spring-orm/5.3.18/spring-orm-5.3.18.jar:/home/ricardo/.m2/repository/org/springframework/spring-tx/5.3.18/spring-tx-5.3.18.jar:/home/ricardo/.m2/repository/org/springframework/spring-aspects/5.3.18/spring-aspects-5.3.18.jar:/home/ricardo/.m2/repository/org/postgresql/postgresql/42.3.3/postgresql-42.3.3.jar:/home/ricardo/.m2/repository/org/checkerframework/checker-qual/3.5.0/checker-qual-3.5.0.jar:/home/ricardo/.m2/repository/org/projectlombok/lombok/1.18.22/lombok-1.18.22.jar:/home/ricardo/.m2/repository/net/kaczmarzyk/specification-arg-resolver/2.6.2/specification-arg-resolver-2.6.2.jar:/home/ricardo/.m2/repository/org/apache/commons/commons-lang3/3.12.0/commons-lang3-3.12.0.jar:/home/ricardo/.m2/repository/javax/servlet/javax.servlet-api/4.0.1/javax.servlet-api-4.0.1.jar:/home/ricardo/.m2/repository/org/hibernate/javax/persistence/hibernate-jpa-2.1-api/1.0.0.Final/hibernate-jpa-2.1-api-1.0.0.Final.jar:/home/ricardo/.m2/repository/com/h2database/h2/1.4.200/h2-1.4.200.jar:/home/ricardo/.m2/repository/io/rest-assured/spring-mock-mvc/4.4.0/spring-mock-mvc-4.4.0.jar:/home/ricardo/.m2/repository/io/rest-assured/rest-assured/4.4.0/rest-assured-4.4.0.jar:/home/ricardo/.m2/repository/org/codehaus/groovy/groovy/3.0.10/groovy-3.0.10.jar:/home/ricardo/.m2/repository/org/codehaus/groovy/groovy-xml/3.0.10/groovy-xml-3.0.10.jar:/home/ricardo/.m2/repository/org/apache/httpcomponents/httpclient/4.5.13/httpclient-4.5.13.jar:/home/ricardo/.m2/repository/org/apache/httpcomponents/httpcore/4.4.15/httpcore-4.4.15.jar:/home/ricardo/.m2/repository/commons-codec/commons-codec/1.15/commons-codec-1.15.jar:/home/ricardo/.m2/repository/org/apache/httpcomponents/httpmime/4.5.13/httpmime-4.5.13.jar:/home/ricardo/.m2/repository/org/ccil/cowan/tagsoup/tagsoup/1.2.1/tagsoup-1.2.1.jar:/home/ricardo/.m2/repository/io/rest-assured/json-path/4.4.0/json-path-4.4.0.jar:/home/ricardo/.m2/repository/org/codehaus/groovy/groovy-json/3.0.10/groovy-json-3.0.10.jar:/home/ricardo/.m2/repository/io/rest-assured/rest-assured-common/4.4.0/rest-assured-common-4.4.0.jar:/home/ricardo/.m2/repository/io/rest-assured/xml-path/4.4.0/xml-path-4.4.0.jar:/home/ricardo/.m2/repository/com/sun/xml/bind/jaxb-impl/2.3.3/jaxb-impl-2.3.3.jar:/home/ricardo/.m2/repository/io/rest-assured/spring-commons/4.4.0/spring-commons-4.4.0.jar:/home/ricardo/.m2/repository/org/springframework/spring-test/5.3.18/spring-test-5.3.18.jar:/home/ricardo/.m2/repository/io/springfox/springfox-swagger2/3.0.0/springfox-swagger2-3.0.0.jar:/home/ricardo/.m2/repository/io/springfox/springfox-spi/3.0.0/springfox-spi-3.0.0.jar:/home/ricardo/.m2/repository/io/springfox/springfox-core/3.0.0/springfox-core-3.0.0.jar:/home/ricardo/.m2/repository/io/springfox/springfox-schema/3.0.0/springfox-schema-3.0.0.jar:/home/ricardo/.m2/repository/io/springfox/springfox-swagger-common/3.0.0/springfox-swagger-common-3.0.0.jar:/home/ricardo/.m2/repository/io/swagger/core/v3/swagger-annotations/2.1.2/swagger-annotations-2.1.2.jar:/home/ricardo/.m2/repository/io/springfox/springfox-spring-web/3.0.0/springfox-spring-web-3.0.0.jar:/home/ricardo/.m2/repository/io/github/classgraph/classgraph/4.8.83/classgraph-4.8.83.jar:/home/ricardo/.m2/repository/io/springfox/springfox-spring-webmvc/3.0.0/springfox-spring-webmvc-3.0.0.jar:/home/ricardo/.m2/repository/io/springfox/springfox-spring-webflux/3.0.0/springfox-spring-webflux-3.0.0.jar:/home/ricardo/.m2/repository/com/fasterxml/classmate/1.5.1/classmate-1.5.1.jar:/home/ricardo/.m2/repository/org/slf4j/slf4j-api/1.7.36/slf4j-api-1.7.36.jar:/home/ricardo/.m2/repository/org/springframework/plugin/spring-plugin-core/2.0.0.RELEASE/spring-plugin-core-2.0.0.RELEASE.jar:/home/ricardo/.m2/repository/org/springframework/plugin/spring-plugin-metadata/2.0.0.RELEASE/spring-plugin-metadata-2.0.0.RELEASE.jar:/home/ricardo/.m2/repository/io/swagger/swagger-annotations/1.5.20/swagger-annotations-1.5.20.jar:/home/ricardo/.m2/repository/io/swagger/swagger-models/1.5.20/swagger-models-1.5.20.jar:/home/ricardo/.m2/repository/com/fasterxml/jackson/core/jackson-annotations/2.13.2/jackson-annotations-2.13.2.jar:/home/ricardo/.m2/repository/org/mapstruct/mapstruct/1.3.1.Final/mapstruct-1.3.1.Final.jar:/home/ricardo/.m2/repository/io/springfox/springfox-boot-starter/3.0.0/springfox-boot-starter-3.0.0.jar:/home/ricardo/.m2/repository/io/springfox/springfox-oas/3.0.0/springfox-oas-3.0.0.jar:/home/ricardo/.m2/repository/io/swagger/core/v3/swagger-models/2.1.2/swagger-models-2.1.2.jar:/home/ricardo/.m2/repository/io/springfox/springfox-data-rest/3.0.0/springfox-data-rest-3.0.0.jar:/home/ricardo/.m2/repository/io/springfox/springfox-bean-validators/3.0.0/springfox-bean-validators-3.0.0.jar:/home/ricardo/.m2/repository/io/springfox/springfox-swagger-ui/3.0.0/springfox-swagger-ui-3.0.0.jar:/home/ricardo/.m2/repository/org/springframework/boot/spring-boot-starter-validation/2.6.6/spring-boot-starter-validation-2.6.6.jar:/home/ricardo/.m2/repository/org/apache/tomcat/embed/tomcat-embed-el/9.0.60/tomcat-embed-el-9.0.60.jar:/home/ricardo/.m2/repository/org/hibernate/validator/hibernate-validator/6.2.3.Final/hibernate-validator-6.2.3.Final.jar:/home/ricardo/.m2/repository/jakarta/validation/jakarta.validation-api/2.0.2/jakarta.validation-api-2.0.2.jar:/home/ricardo/.m2/repository/org/springframework/boot/spring-boot-starter-hateoas/2.6.6/spring-boot-starter-hateoas-2.6.6.jar:/home/ricardo/.m2/repository/org/springframework/hateoas/spring-hateoas/1.4.1/spring-hateoas-1.4.1.jar:/home/ricardo/.m2/repository/org/springframework/cloud/spring-cloud-starter-netflix-eureka-client/3.1.1/spring-cloud-starter-netflix-eureka-client-3.1.1.jar:/home/ricardo/.m2/repository/org/springframework/cloud/spring-cloud-starter/3.1.1/spring-cloud-starter-3.1.1.jar:/home/ricardo/.m2/repository/org/springframework/cloud/spring-cloud-context/3.1.1/spring-cloud-context-3.1.1.jar:/home/ricardo/.m2/repository/org/springframework/security/spring-security-crypto/5.6.2/spring-security-crypto-5.6.2.jar:/home/ricardo/.m2/repository/org/springframework/cloud/spring-cloud-commons/3.1.1/spring-cloud-commons-3.1.1.jar:/home/ricardo/.m2/repository/org/springframework/security/spring-security-rsa/1.0.10.RELEASE/spring-security-rsa-1.0.10.RELEASE.jar:/home/ricardo/.m2/repository/org/bouncycastle/bcpkix-jdk15on/1.68/bcpkix-jdk15on-1.68.jar:/home/ricardo/.m2/repository/org/bouncycastle/bcprov-jdk15on/1.68/bcprov-jdk15on-1.68.jar:/home/ricardo/.m2/repository/org/springframework/cloud/spring-cloud-netflix-eureka-client/3.1.1/spring-cloud-netflix-eureka-client-3.1.1.jar:/home/ricardo/.m2/repository/com/netflix/eureka/eureka-client/1.10.17/eureka-client-1.10.17.jar:/home/ricardo/.m2/repository/com/netflix/netflix-commons/netflix-eventbus/0.3.0/netflix-eventbus-0.3.0.jar:/home/ricardo/.m2/repository/com/netflix/netflix-commons/netflix-infix/0.3.0/netflix-infix-0.3.0.jar:/home/ricardo/.m2/repository/commons-jxpath/commons-jxpath/1.3/commons-jxpath-1.3.jar:/home/ricardo/.m2/repository/joda-time/joda-time/2.3/joda-time-2.3.jar:/home/ricardo/.m2/repository/org/antlr/antlr-runtime/3.4/antlr-runtime-3.4.jar:/home/ricardo/.m2/repository/org/antlr/stringtemplate/3.2.1/stringtemplate-3.2.1.jar:/home/ricardo/.m2/repository/com/google/code/gson/gson/2.8.9/gson-2.8.9.jar:/home/ricardo/.m2/repository/org/apache/commons/commons-math/2.2/commons-math-2.2.jar:/home/ricardo/.m2/repository/com/thoughtworks/xstream/xstream/1.4.18/xstream-1.4.18.jar:/home/ricardo/.m2/repository/io/github/x-stream/mxparser/1.2.2/mxparser-1.2.2.jar:/home/ricardo/.m2/repository/xmlpull/xmlpull/1.1.3.1/xmlpull-1.1.3.1.jar:/home/ricardo/.m2/repository/javax/ws/rs/jsr311-api/1.1.1/jsr311-api-1.1.1.jar:/home/ricardo/.m2/repository/com/netflix/servo/servo-core/0.12.21/servo-core-0.12.21.jar:/home/ricardo/.m2/repository/com/google/guava/guava/19.0/guava-19.0.jar:/home/ricardo/.m2/repository/commons-configuration/commons-configuration/1.10/commons-configuration-1.10.jar:/home/ricardo/.m2/repository/commons-lang/commons-lang/2.6/commons-lang-2.6.jar:/home/ricardo/.m2/repository/com/google/inject/guice/4.1.0/guice-4.1.0.jar:/home/ricardo/.m2/repository/javax/inject/javax.inject/1/javax.inject-1.jar:/home/ricardo/.m2/repository/com/fasterxml/jackson/core/jackson-core/2.13.2/jackson-core-2.13.2.jar:/home/ricardo/.m2/repository/org/codehaus/jettison/jettison/1.4.0/jettison-1.4.0.jar:/home/ricardo/.m2/repository/com/netflix/eureka/eureka-core/1.10.17/eureka-core-1.10.17.jar:/home/ricardo/.m2/repository/com/fasterxml/woodstox/woodstox-core/6.2.1/woodstox-core-6.2.1.jar:/home/ricardo/.m2/repository/org/codehaus/woodstox/stax2-api/4.2.1/stax2-api-4.2.1.jar:/home/ricardo/.m2/repository/org/springframework/cloud/spring-cloud-starter-loadbalancer/3.1.1/spring-cloud-starter-loadbalancer-3.1.1.jar:/home/ricardo/.m2/repository/org/springframework/cloud/spring-cloud-loadbalancer/3.1.1/spring-cloud-loadbalancer-3.1.1.jar:/home/ricardo/.m2/repository/io/projectreactor/reactor-core/3.4.16/reactor-core-3.4.16.jar:/home/ricardo/.m2/repository/org/reactivestreams/reactive-streams/1.0.3/reactive-streams-1.0.3.jar:/home/ricardo/.m2/repository/io/projectreactor/addons/reactor-extra/3.4.7/reactor-extra-3.4.7.jar:/home/ricardo/.m2/repository/org/springframework/boot/spring-boot-starter-cache/2.6.6/spring-boot-starter-cache-2.6.6.jar:/home/ricardo/.m2/repository/org/springframework/spring-context-support/5.3.18/spring-context-support-5.3.18.jar:/home/ricardo/.m2/repository/com/stoyanr/evictor/1.0.0/evictor-1.0.0.jar:/home/ricardo/.m2/repository/org/springframework/boot/spring-boot-starter-test/2.6.6/spring-boot-starter-test-2.6.6.jar:/home/ricardo/.m2/repository/org/springframework/boot/spring-boot-test/2.6.6/spring-boot-test-2.6.6.jar:/home/ricardo/.m2/repository/org/springframework/boot/spring-boot-test-autoconfigure/2.6.6/spring-boot-test-autoconfigure-2.6.6.jar:/home/ricardo/.m2/repository/com/jayway/jsonpath/json-path/2.6.0/json-path-2.6.0.jar:/home/ricardo/.m2/repository/net/minidev/json-smart/2.4.8/json-smart-2.4.8.jar:/home/ricardo/.m2/repository/net/minidev/accessors-smart/2.4.8/accessors-smart-2.4.8.jar:/home/ricardo/.m2/repository/org/ow2/asm/asm/9.1/asm-9.1.jar:/home/ricardo/.m2/repository/jakarta/xml/bind/jakarta.xml.bind-api/2.3.3/jakarta.xml.bind-api-2.3.3.jar:/home/ricardo/.m2/repository/jakarta/activation/jakarta.activation-api/1.2.2/jakarta.activation-api-1.2.2.jar:/home/ricardo/.m2/repository/org/assertj/assertj-core/3.21.0/assertj-core-3.21.0.jar:/home/ricardo/.m2/repository/org/hamcrest/hamcrest/2.2/hamcrest-2.2.jar:/home/ricardo/.m2/repository/org/junit/jupiter/junit-jupiter/5.8.2/junit-jupiter-5.8.2.jar:/home/ricardo/.m2/repository/org/junit/jupiter/junit-jupiter-api/5.8.2/junit-jupiter-api-5.8.2.jar:/home/ricardo/.m2/repository/org/opentest4j/opentest4j/1.2.0/opentest4j-1.2.0.jar:/home/ricardo/.m2/repository/org/junit/platform/junit-platform-commons/1.8.2/junit-platform-commons-1.8.2.jar:/home/ricardo/.m2/repository/org/apiguardian/apiguardian-api/1.1.2/apiguardian-api-1.1.2.jar:/home/ricardo/.m2/repository/org/junit/jupiter/junit-jupiter-params/5.8.2/junit-jupiter-params-5.8.2.jar:/home/ricardo/.m2/repository/org/junit/jupiter/junit-jupiter-engine/5.8.2/junit-jupiter-engine-5.8.2.jar:/home/ricardo/.m2/repository/org/junit/platform/junit-platform-engine/1.8.2/junit-platform-engine-1.8.2.jar:/home/ricardo/.m2/repository/org/mockito/mockito-core/4.0.0/mockito-core-4.0.0.jar:/home/ricardo/.m2/repository/net/bytebuddy/byte-buddy-agent/1.11.22/byte-buddy-agent-1.11.22.jar:/home/ricardo/.m2/repository/org/objenesis/objenesis/3.2/objenesis-3.2.jar:/home/ricardo/.m2/repository/org/mockito/mockito-junit-jupiter/4.0.0/mockito-junit-jupiter-4.0.0.jar:/home/ricardo/.m2/repository/org/skyscreamer/jsonassert/1.5.0/jsonassert-1.5.0.jar:/home/ricardo/.m2/repository/com/vaadin/external/google/android-json/0.0.20131108.vaadin1/android-json-0.0.20131108.vaadin1.jar:/home/ricardo/.m2/repository/org/xmlunit/xmlunit-core/2.8.4/xmlunit-core-2.8.4.jar:/home/ricardo/.m2/repository/junit/junit/4.13.2/junit-4.13.2.jar:/home/ricardo/.m2/repository/org/hamcrest/hamcrest-core/2.2/hamcrest-core-2.2.jar:"/>
    <property name="sun.cpu.endian" value="little"/>
    <property name="user.home" value="/home/ricardo"/>
    <property name="user.language" value="pt"/>
    <property name="java.specification.vendor" value="Oracle Corporation"/>
    <property name="java.version.date" value="2022-02-08"/>
    <property name="java.home" value="/usr/lib/jvm/java-11-openjdk-amd64"/>
    <property name="file.separator" value="/"/>
    <property name="basedir" value="/home/ricardo/treinamentos/decoder/authuser"/>
    <property name="java.vm.compressedOopsMode" value="Zero based"/>
    <property name="line.separator" value="&#10;"/>
    <property name="java.specification.name" value="Java Platform API Specification"/>
    <property name="java.vm.specification.vendor" value="Oracle Corporation"/>
    <property name="java.awt.graphicsenv" value="sun.awt.X11GraphicsEnvironment"/>
    <property name="surefire.real.class.path" value="/home/ricardo/treinamentos/decoder/authuser/target/surefire/surefirebooter17177037198563222301.jar"/>
    <property name="sun.management.compiler" value="HotSpot 64-Bit Tiered Compilers"/>
    <property name="java.runtime.version" value="11.0.14.1+1-Ubuntu-0ubuntu1.20.04"/>
    <property name="user.name" value="ricardo"/>
    <property name="path.separator" value=":"/>
    <property name="os.version" value="5.13.0-39-generic"/>
    <property name="java.runtime.name" value="OpenJDK Runtime Environment"/>
    <property name="file.encoding" value="UTF-8"/>
    <property name="java.vm.name" value="OpenJDK 64-Bit Server VM"/>
    <property name="localRepository" value="/home/ricardo/.m2/repository"/>
    <property name="java.vendor.url.bug" value="https://bugs.launchpad.net/ubuntu/+source/openjdk-lts"/>
    <property name="java.io.tmpdir" value="/tmp"/>
    <property name="idea.version" value="2021.3.3"/>
    <property name="java.version" value="11.0.14.1"/>
    <property name="user.dir" value="/home/ricardo/treinamentos/decoder/authuser"/>
    <property name="os.arch" value="amd64"/>
    <property name="java.vm.specification.name" value="Java Virtual Machine Specification"/>
    <property name="java.awt.printerjob" value="sun.print.PSPrinterJob"/>
    <property name="sun.os.patch.level" value="unknown"/>
    <property name="java.library.path" value="/usr/java/packages/lib:/usr/lib/x86_64-linux-gnu/jni:/lib/x86_64-linux-gnu:/usr/lib/x86_64-linux-gnu:/usr/lib/jni:/lib:/usr/lib"/>
    <property name="java.vm.info" value="mixed mode, sharing"/>
    <property name="java.vendor" value="Ubuntu"/>
    <property name="java.vm.version" value="11.0.14.1+1-Ubuntu-0ubuntu1.20.04"/>
    <property name="sun.io.unicode.encoding" value="UnicodeLittle"/>
    <property name="java.class.version" value="55.0"/>
  </properties>
  <testcase name="testRegisterUser" classname="com.ead.authuser.controllers.AuthenticationControllerTest" time="1.016"/>
</testsuite>